<?xml version="1.0" encoding="UTF-8"?>
<!-- Generated by org.testng.reporters.JUnitXMLReporter -->
<testsuite ignored="0" hostname="LAPTOP-43ST5V3O" failures="0" tests="3" name="Default test" time="2.626" errors="0" timestamp="2024-08-14T03:51:46 WIB">
  <testcase classname="tests.DynamicJsonExample" name="addBook" time="2.085"/>
  <testcase classname="tests.DynamicJsonExample" name="addBook" time="0.25"/>
  <testcase classname="tests.DynamicJsonExample" name="addBook" time="0.238"/>
</testsuite> <!-- Default test -->
