<?xml version="1.0" encoding="UTF-8"?>
<testng-results ignored="0" total="3" passed="3" failed="0" skipped="0">
  <reporter-output>
  </reporter-output>
  <suite started-at="2024-08-14T03:51:43 WIB" name="Default suite" finished-at="2024-08-14T03:51:46 WIB" duration-ms="2626">
    <groups>
    </groups>
    <test started-at="2024-08-14T03:51:43 WIB" name="Default test" finished-at="2024-08-14T03:51:46 WIB" duration-ms="2626">
      <class name="tests.DynamicJsonExample">
        <test-method signature="addBook(java.lang.String,java.lang.String)[pri:0, instance:tests.DynamicJsonExample@38cee291]" started-at="2024-08-14T03:51:43 WIB" name="addBook" data-provider="BooksData" finished-at="2024-08-14T03:51:45 WIB" duration-ms="2085" status="PASS">
          <params>
            <param index="0">
              <value>
                <![CDATA[ojfwty]]>
              </value>
            </param>
            <param index="1">
              <value>
                <![CDATA[9363]]>
              </value>
            </param>
          </params>
          <reporter-output>
          </reporter-output>
        </test-method> <!-- addBook -->
        <test-method signature="addBook(java.lang.String,java.lang.String)[pri:0, instance:tests.DynamicJsonExample@38cee291]" started-at="2024-08-14T03:51:45 WIB" name="addBook" data-provider="BooksData" finished-at="2024-08-14T03:51:45 WIB" duration-ms="250" status="PASS">
          <params>
            <param index="0">
              <value>
                <![CDATA[cwetee]]>
              </value>
            </param>
            <param index="1">
              <value>
                <![CDATA[4253]]>
              </value>
            </param>
          </params>
          <reporter-output>
          </reporter-output>
        </test-method> <!-- addBook -->
        <test-method signature="addBook(java.lang.String,java.lang.String)[pri:0, instance:tests.DynamicJsonExample@38cee291]" started-at="2024-08-14T03:51:45 WIB" name="addBook" data-provider="BooksData" finished-at="2024-08-14T03:51:46 WIB" duration-ms="238" status="PASS">
          <params>
            <param index="0">
              <value>
                <![CDATA[okmfet]]>
              </value>
            </param>
            <param index="1">
              <value>
                <![CDATA[533]]>
              </value>
            </param>
          </params>
          <reporter-output>
          </reporter-output>
        </test-method> <!-- addBook -->
      </class> <!-- tests.DynamicJsonExample -->
    </test> <!-- Default test -->
  </suite> <!-- Default suite -->
</testng-results>
